<?xml version="1.0" encoding="UTF-8"?>
<testsuite xmlns:xsi="http://www.w3.org/2001/XMLSchema-instance" xsi:noNamespaceSchemaLocation="https://maven.apache.org/surefire/maven-surefire-plugin/xsd/surefire-test-report.xsd" name="TestSuite" time="4.164" tests="4" errors="0" skipped="3" failures="1">
  <properties>
    <property name="java.specification.version" value="15"/>
    <property name="sun.cpu.isalist" value="amd64"/>
    <property name="sun.jnu.encoding" value="Cp1252"/>
    <property name="java.class.path" value="C:\Users\huzay\OneDrive\Desktop\SELENIUM QA CLASS FILES\NEXT TECH ITC\lecture\FRAMEWORK_4\PROJECT\bangladesh\target\test-classes;C:\Users\huzay\OneDrive\Desktop\SELENIUM QA CLASS FILES\NEXT TECH ITC\lecture\FRAMEWORK_4\PROJECT\bangladesh\target\classes;C:\Users\huzay\.m2\repository\info\cukes\cucumber-java\1.2.5\cucumber-java-1.2.5.jar;C:\Users\huzay\.m2\repository\info\cukes\cucumber-core\1.2.5\cucumber-core-1.2.5.jar;C:\Users\huzay\.m2\repository\info\cukes\cucumber-html\0.2.3\cucumber-html-0.2.3.jar;C:\Users\huzay\.m2\repository\org\seleniumhq\selenium\selenium-java\3.14.0\selenium-java-3.14.0.jar;C:\Users\huzay\.m2\repository\org\seleniumhq\selenium\selenium-api\3.14.0\selenium-api-3.14.0.jar;C:\Users\huzay\.m2\repository\org\seleniumhq\selenium\selenium-chrome-driver\3.14.0\selenium-chrome-driver-3.14.0.jar;C:\Users\huzay\.m2\repository\org\seleniumhq\selenium\selenium-edge-driver\3.14.0\selenium-edge-driver-3.14.0.jar;C:\Users\huzay\.m2\repository\org\seleniumhq\selenium\selenium-firefox-driver\3.14.0\selenium-firefox-driver-3.14.0.jar;C:\Users\huzay\.m2\repository\org\seleniumhq\selenium\selenium-ie-driver\3.14.0\selenium-ie-driver-3.14.0.jar;C:\Users\huzay\.m2\repository\org\seleniumhq\selenium\selenium-opera-driver\3.14.0\selenium-opera-driver-3.14.0.jar;C:\Users\huzay\.m2\repository\org\seleniumhq\selenium\selenium-remote-driver\3.14.0\selenium-remote-driver-3.14.0.jar;C:\Users\huzay\.m2\repository\org\seleniumhq\selenium\selenium-safari-driver\3.14.0\selenium-safari-driver-3.14.0.jar;C:\Users\huzay\.m2\repository\org\seleniumhq\selenium\selenium-support\3.14.0\selenium-support-3.14.0.jar;C:\Users\huzay\.m2\repository\net\bytebuddy\byte-buddy\1.8.15\byte-buddy-1.8.15.jar;C:\Users\huzay\.m2\repository\org\apache\commons\commons-exec\1.3\commons-exec-1.3.jar;C:\Users\huzay\.m2\repository\commons-codec\commons-codec\1.10\commons-codec-1.10.jar;C:\Users\huzay\.m2\repository\commons-logging\commons-logging\1.2\commons-logging-1.2.jar;C:\Users\huzay\.m2\repository\com\google\guava\guava\25.0-jre\guava-25.0-jre.jar;C:\Users\huzay\.m2\repository\com\google\code\findbugs\jsr305\1.3.9\jsr305-1.3.9.jar;C:\Users\huzay\.m2\repository\org\checkerframework\checker-compat-qual\2.0.0\checker-compat-qual-2.0.0.jar;C:\Users\huzay\.m2\repository\com\google\errorprone\error_prone_annotations\2.1.3\error_prone_annotations-2.1.3.jar;C:\Users\huzay\.m2\repository\com\google\j2objc\j2objc-annotations\1.1\j2objc-annotations-1.1.jar;C:\Users\huzay\.m2\repository\org\codehaus\mojo\animal-sniffer-annotations\1.14\animal-sniffer-annotations-1.14.jar;C:\Users\huzay\.m2\repository\org\apache\httpcomponents\httpclient\4.5.5\httpclient-4.5.5.jar;C:\Users\huzay\.m2\repository\org\apache\httpcomponents\httpcore\4.4.9\httpcore-4.4.9.jar;C:\Users\huzay\.m2\repository\com\squareup\okhttp3\okhttp\3.10.0\okhttp-3.10.0.jar;C:\Users\huzay\.m2\repository\com\squareup\okio\okio\1.14.1\okio-1.14.1.jar;C:\Users\huzay\.m2\repository\info\cukes\cucumber-picocontainer\1.2.5\cucumber-picocontainer-1.2.5.jar;C:\Users\huzay\.m2\repository\info\cukes\cucumber-jvm-deps\1.0.5\cucumber-jvm-deps-1.0.5.jar;C:\Users\huzay\.m2\repository\info\cukes\gherkin\2.12.2\gherkin-2.12.2.jar;C:\Users\huzay\.m2\repository\org\picocontainer\picocontainer\2.15\picocontainer-2.15.jar;C:\Users\huzay\.m2\repository\info\cukes\cucumber-junit\1.2.4\cucumber-junit-1.2.4.jar;C:\Users\huzay\.m2\repository\junit\junit\3.8.1\junit-3.8.1.jar;C:\Users\huzay\.m2\repository\info\cukes\cucumber-testng\1.2.5\cucumber-testng-1.2.5.jar;C:\Users\huzay\.m2\repository\org\testng\testng\7.3.0\testng-7.3.0.jar;C:\Users\huzay\.m2\repository\com\beust\jcommander\1.78\jcommander-1.78.jar;C:\Users\huzay\.m2\repository\org\apache\ant\ant\1.10.3\ant-1.10.3.jar;C:\Users\huzay\.m2\repository\org\apache\ant\ant-launcher\1.10.3\ant-launcher-1.10.3.jar;C:\Users\huzay\.m2\repository\com\google\inject\guice\4.2.2\guice-4.2.2-no_aop.jar;C:\Users\huzay\.m2\repository\javax\inject\javax.inject\1\javax.inject-1.jar;C:\Users\huzay\.m2\repository\aopalliance\aopalliance\1.0\aopalliance-1.0.jar;C:\Users\huzay\.m2\repository\org\yaml\snakeyaml\1.21\snakeyaml-1.21.jar;C:\Users\huzay\.m2\repository\org\apache\poi\poi\3.9\poi-3.9.jar;C:\Users\huzay\.m2\repository\org\apache\poi\poi-ooxml\3.9\poi-ooxml-3.9.jar;C:\Users\huzay\.m2\repository\dom4j\dom4j\1.6.1\dom4j-1.6.1.jar;C:\Users\huzay\.m2\repository\xml-apis\xml-apis\1.0.b2\xml-apis-1.0.b2.jar;C:\Users\huzay\.m2\repository\org\apache\poi\poi-ooxml-schemas\3.9\poi-ooxml-schemas-3.9.jar;C:\Users\huzay\.m2\repository\org\apache\xmlbeans\xmlbeans\2.3.0\xmlbeans-2.3.0.jar;C:\Users\huzay\.m2\repository\stax\stax-api\1.0.1\stax-api-1.0.1.jar;C:\Users\huzay\.m2\repository\org\apache\poi\poi-scratchpad\3.9\poi-scratchpad-3.9.jar;C:\Users\huzay\.m2\repository\org\apache\poi\ooxml-schemas\1.1\ooxml-schemas-1.1.jar;C:\Users\huzay\.m2\repository\org\apache\poi\openxml4j\1.0-beta\openxml4j-1.0-beta.jar;C:\Users\huzay\.m2\repository\com\relevantcodes\extentreports\2.41.2\extentreports-2.41.2.jar;C:\Users\huzay\.m2\repository\org\jsoup\jsoup\1.8.3\jsoup-1.8.3.jar;C:\Users\huzay\.m2\repository\org\xerial\sqlite-jdbc\3.8.11.1\sqlite-jdbc-3.8.11.1.jar;C:\Users\huzay\.m2\repository\org\freemarker\freemarker\2.3.23\freemarker-2.3.23.jar;C:\Users\huzay\.m2\repository\org\mongodb\mongodb-driver\3.0.4\mongodb-driver-3.0.4.jar;C:\Users\huzay\.m2\repository\org\mongodb\bson\3.0.4\bson-3.0.4.jar;C:\Users\huzay\.m2\repository\org\mongodb\mongodb-driver-core\3.0.4\mongodb-driver-core-3.0.4.jar;C:\Users\huzay\.m2\repository\commons-io\commons-io\2.6\commons-io-2.6.jar;C:\Users\huzay\.m2\repository\log4j\log4j\1.2.17\log4j-1.2.17.jar;C:\Users\huzay\.m2\repository\org\apache\maven\surefire\surefire-testng-utils\2.22.0\surefire-testng-utils-2.22.0.jar;C:\Users\huzay\.m2\repository\org\apache\maven\surefire\surefire-grouper\2.22.0\surefire-grouper-2.22.0.jar;"/>
    <property name="java.vm.vendor" value="Oracle Corporation"/>
    <property name="sun.arch.data.model" value="64"/>
    <property name="user.variant" value=""/>
    <property name="java.vendor.url" value="https://java.oracle.com/"/>
    <property name="user.timezone" value="America/New_York"/>
    <property name="os.name" value="Windows 10"/>
    <property name="java.vm.specification.version" value="15"/>
    <property name="sun.java.launcher" value="SUN_STANDARD"/>
    <property name="user.country" value="US"/>
    <property name="sun.boot.library.path" value="C:\Users\huzay\.p2\pool\plugins\org.eclipse.justj.openjdk.hotspot.jre.full.win32.x86_64_15.0.2.v20210201-0955\jre\bin"/>
    <property name="sun.java.command" value="C:\Users\huzay\AppData\Local\Temp\surefire11687746447762371756\surefirebooter6048691563574682716.jar C:\Users\huzay\AppData\Local\Temp\surefire11687746447762371756 2021-09-23T17-29-30_658-jvmRun1 surefire17033710315108773385tmp surefire_011241825910371640510tmp"/>
    <property name="jdk.debug" value="release"/>
    <property name="surefire.test.class.path" value="C:\Users\huzay\OneDrive\Desktop\SELENIUM QA CLASS FILES\NEXT TECH ITC\lecture\FRAMEWORK_4\PROJECT\bangladesh\target\test-classes;C:\Users\huzay\OneDrive\Desktop\SELENIUM QA CLASS FILES\NEXT TECH ITC\lecture\FRAMEWORK_4\PROJECT\bangladesh\target\classes;C:\Users\huzay\.m2\repository\info\cukes\cucumber-java\1.2.5\cucumber-java-1.2.5.jar;C:\Users\huzay\.m2\repository\info\cukes\cucumber-core\1.2.5\cucumber-core-1.2.5.jar;C:\Users\huzay\.m2\repository\info\cukes\cucumber-html\0.2.3\cucumber-html-0.2.3.jar;C:\Users\huzay\.m2\repository\org\seleniumhq\selenium\selenium-java\3.14.0\selenium-java-3.14.0.jar;C:\Users\huzay\.m2\repository\org\seleniumhq\selenium\selenium-api\3.14.0\selenium-api-3.14.0.jar;C:\Users\huzay\.m2\repository\org\seleniumhq\selenium\selenium-chrome-driver\3.14.0\selenium-chrome-driver-3.14.0.jar;C:\Users\huzay\.m2\repository\org\seleniumhq\selenium\selenium-edge-driver\3.14.0\selenium-edge-driver-3.14.0.jar;C:\Users\huzay\.m2\repository\org\seleniumhq\selenium\selenium-firefox-driver\3.14.0\selenium-firefox-driver-3.14.0.jar;C:\Users\huzay\.m2\repository\org\seleniumhq\selenium\selenium-ie-driver\3.14.0\selenium-ie-driver-3.14.0.jar;C:\Users\huzay\.m2\repository\org\seleniumhq\selenium\selenium-opera-driver\3.14.0\selenium-opera-driver-3.14.0.jar;C:\Users\huzay\.m2\repository\org\seleniumhq\selenium\selenium-remote-driver\3.14.0\selenium-remote-driver-3.14.0.jar;C:\Users\huzay\.m2\repository\org\seleniumhq\selenium\selenium-safari-driver\3.14.0\selenium-safari-driver-3.14.0.jar;C:\Users\huzay\.m2\repository\org\seleniumhq\selenium\selenium-support\3.14.0\selenium-support-3.14.0.jar;C:\Users\huzay\.m2\repository\net\bytebuddy\byte-buddy\1.8.15\byte-buddy-1.8.15.jar;C:\Users\huzay\.m2\repository\org\apache\commons\commons-exec\1.3\commons-exec-1.3.jar;C:\Users\huzay\.m2\repository\commons-codec\commons-codec\1.10\commons-codec-1.10.jar;C:\Users\huzay\.m2\repository\commons-logging\commons-logging\1.2\commons-logging-1.2.jar;C:\Users\huzay\.m2\repository\com\google\guava\guava\25.0-jre\guava-25.0-jre.jar;C:\Users\huzay\.m2\repository\com\google\code\findbugs\jsr305\1.3.9\jsr305-1.3.9.jar;C:\Users\huzay\.m2\repository\org\checkerframework\checker-compat-qual\2.0.0\checker-compat-qual-2.0.0.jar;C:\Users\huzay\.m2\repository\com\google\errorprone\error_prone_annotations\2.1.3\error_prone_annotations-2.1.3.jar;C:\Users\huzay\.m2\repository\com\google\j2objc\j2objc-annotations\1.1\j2objc-annotations-1.1.jar;C:\Users\huzay\.m2\repository\org\codehaus\mojo\animal-sniffer-annotations\1.14\animal-sniffer-annotations-1.14.jar;C:\Users\huzay\.m2\repository\org\apache\httpcomponents\httpclient\4.5.5\httpclient-4.5.5.jar;C:\Users\huzay\.m2\repository\org\apache\httpcomponents\httpcore\4.4.9\httpcore-4.4.9.jar;C:\Users\huzay\.m2\repository\com\squareup\okhttp3\okhttp\3.10.0\okhttp-3.10.0.jar;C:\Users\huzay\.m2\repository\com\squareup\okio\okio\1.14.1\okio-1.14.1.jar;C:\Users\huzay\.m2\repository\info\cukes\cucumber-picocontainer\1.2.5\cucumber-picocontainer-1.2.5.jar;C:\Users\huzay\.m2\repository\info\cukes\cucumber-jvm-deps\1.0.5\cucumber-jvm-deps-1.0.5.jar;C:\Users\huzay\.m2\repository\info\cukes\gherkin\2.12.2\gherkin-2.12.2.jar;C:\Users\huzay\.m2\repository\org\picocontainer\picocontainer\2.15\picocontainer-2.15.jar;C:\Users\huzay\.m2\repository\info\cukes\cucumber-junit\1.2.4\cucumber-junit-1.2.4.jar;C:\Users\huzay\.m2\repository\junit\junit\3.8.1\junit-3.8.1.jar;C:\Users\huzay\.m2\repository\info\cukes\cucumber-testng\1.2.5\cucumber-testng-1.2.5.jar;C:\Users\huzay\.m2\repository\org\testng\testng\7.3.0\testng-7.3.0.jar;C:\Users\huzay\.m2\repository\com\beust\jcommander\1.78\jcommander-1.78.jar;C:\Users\huzay\.m2\repository\org\apache\ant\ant\1.10.3\ant-1.10.3.jar;C:\Users\huzay\.m2\repository\org\apache\ant\ant-launcher\1.10.3\ant-launcher-1.10.3.jar;C:\Users\huzay\.m2\repository\com\google\inject\guice\4.2.2\guice-4.2.2-no_aop.jar;C:\Users\huzay\.m2\repository\javax\inject\javax.inject\1\javax.inject-1.jar;C:\Users\huzay\.m2\repository\aopalliance\aopalliance\1.0\aopalliance-1.0.jar;C:\Users\huzay\.m2\repository\org\yaml\snakeyaml\1.21\snakeyaml-1.21.jar;C:\Users\huzay\.m2\repository\org\apache\poi\poi\3.9\poi-3.9.jar;C:\Users\huzay\.m2\repository\org\apache\poi\poi-ooxml\3.9\poi-ooxml-3.9.jar;C:\Users\huzay\.m2\repository\dom4j\dom4j\1.6.1\dom4j-1.6.1.jar;C:\Users\huzay\.m2\repository\xml-apis\xml-apis\1.0.b2\xml-apis-1.0.b2.jar;C:\Users\huzay\.m2\repository\org\apache\poi\poi-ooxml-schemas\3.9\poi-ooxml-schemas-3.9.jar;C:\Users\huzay\.m2\repository\org\apache\xmlbeans\xmlbeans\2.3.0\xmlbeans-2.3.0.jar;C:\Users\huzay\.m2\repository\stax\stax-api\1.0.1\stax-api-1.0.1.jar;C:\Users\huzay\.m2\repository\org\apache\poi\poi-scratchpad\3.9\poi-scratchpad-3.9.jar;C:\Users\huzay\.m2\repository\org\apache\poi\ooxml-schemas\1.1\ooxml-schemas-1.1.jar;C:\Users\huzay\.m2\repository\org\apache\poi\openxml4j\1.0-beta\openxml4j-1.0-beta.jar;C:\Users\huzay\.m2\repository\com\relevantcodes\extentreports\2.41.2\extentreports-2.41.2.jar;C:\Users\huzay\.m2\repository\org\jsoup\jsoup\1.8.3\jsoup-1.8.3.jar;C:\Users\huzay\.m2\repository\org\xerial\sqlite-jdbc\3.8.11.1\sqlite-jdbc-3.8.11.1.jar;C:\Users\huzay\.m2\repository\org\freemarker\freemarker\2.3.23\freemarker-2.3.23.jar;C:\Users\huzay\.m2\repository\org\mongodb\mongodb-driver\3.0.4\mongodb-driver-3.0.4.jar;C:\Users\huzay\.m2\repository\org\mongodb\bson\3.0.4\bson-3.0.4.jar;C:\Users\huzay\.m2\repository\org\mongodb\mongodb-driver-core\3.0.4\mongodb-driver-core-3.0.4.jar;C:\Users\huzay\.m2\repository\commons-io\commons-io\2.6\commons-io-2.6.jar;C:\Users\huzay\.m2\repository\log4j\log4j\1.2.17\log4j-1.2.17.jar;C:\Users\huzay\.m2\repository\org\apache\maven\surefire\surefire-testng-utils\2.22.0\surefire-testng-utils-2.22.0.jar;C:\Users\huzay\.m2\repository\org\apache\maven\surefire\surefire-grouper\2.22.0\surefire-grouper-2.22.0.jar;"/>
    <property name="sun.cpu.endian" value="little"/>
    <property name="user.home" value="C:\Users\huzay"/>
    <property name="user.language" value="en"/>
    <property name="java.specification.vendor" value="Oracle Corporation"/>
    <property name="java.version.date" value="2021-01-19"/>
    <property name="java.home" value="C:\Users\huzay\.p2\pool\plugins\org.eclipse.justj.openjdk.hotspot.jre.full.win32.x86_64_15.0.2.v20210201-0955\jre"/>
    <property name="file.separator" value="\"/>
    <property name="basedir" value="C:\Users\huzay\OneDrive\Desktop\SELENIUM QA CLASS FILES\NEXT TECH ITC\lecture\FRAMEWORK_4\PROJECT\bangladesh"/>
    <property name="java.vm.compressedOopsMode" value="Zero based"/>
    <property name="line.separator" value="&#10;"/>
    <property name="java.vm.specification.vendor" value="Oracle Corporation"/>
    <property name="java.specification.name" value="Java Platform API Specification"/>
    <property name="surefire.real.class.path" value="C:\Users\huzay\AppData\Local\Temp\surefire11687746447762371756\surefirebooter6048691563574682716.jar"/>
    <property name="user.script" value=""/>
    <property name="sun.management.compiler" value="HotSpot 64-Bit Tiered Compilers"/>
    <property name="java.runtime.version" value="15.0.2+7-27"/>
    <property name="user.name" value="huzay"/>
    <property name="path.separator" value=";"/>
    <property name="os.version" value="10.0"/>
    <property name="java.runtime.name" value="OpenJDK Runtime Environment"/>
    <property name="file.encoding" value="Cp1252"/>
    <property name="java.vm.name" value="OpenJDK 64-Bit Server VM"/>
    <property name="localRepository" value="C:\Users\huzay\.m2\repository"/>
    <property name="java.vendor.url.bug" value="https://bugreport.java.com/bugreport/"/>
    <property name="java.io.tmpdir" value="C:\Users\huzay\AppData\Local\Temp\"/>
    <property name="java.version" value="15.0.2"/>
    <property name="user.dir" value="C:\Users\huzay\OneDrive\Desktop\SELENIUM QA CLASS FILES\NEXT TECH ITC\lecture\FRAMEWORK_4\PROJECT\bangladesh"/>
    <property name="os.arch" value="amd64"/>
    <property name="java.vm.specification.name" value="Java Virtual Machine Specification"/>
    <property name="sun.os.patch.level" value=""/>
    <property name="java.library.path" value="C:\Users\huzay\.p2\pool\plugins\org.eclipse.justj.openjdk.hotspot.jre.full.win32.x86_64_15.0.2.v20210201-0955\jre\bin;C:\WINDOWS\Sun\Java\bin;C:\WINDOWS\system32;C:\WINDOWS;C:/Users/huzay/.p2/pool/plugins/org.eclipse.justj.openjdk.hotspot.jre.full.win32.x86_64_15.0.2.v20210201-0955/jre/bin/server;C:/Users/huzay/.p2/pool/plugins/org.eclipse.justj.openjdk.hotspot.jre.full.win32.x86_64_15.0.2.v20210201-0955/jre/bin;C:\WINDOWS\system32;C:\WINDOWS;C:\WINDOWS\System32\Wbem;C:\WINDOWS\System32\WindowsPowerShell\v1.0\;C:\WINDOWS\System32\OpenSSH\;C:\Program Files\Java\jdk-11.0.5\bin;C:\apache-maven-3.8.1\bin;C:\Program Files\Git\cmd;C:\Users\huzay\AppData\Local\Microsoft\WindowsApps;C:\Program Files\Java\jdk-11.0.5\bin;C:\apache-maven-3.8.1\bin;;C:\Users\huzay\OneDrive\Desktop;;."/>
    <property name="java.vm.info" value="mixed mode"/>
    <property name="java.vendor" value="Oracle Corporation"/>
    <property name="java.vm.version" value="15.0.2+7-27"/>
    <property name="sun.io.unicode.encoding" value="UnicodeLittle"/>
    <property name="java.class.version" value="59.0"/>
  </properties>
  <testcase name="LaunchApplicationURL" classname="com.bangladesh.TestRunner.TestRunner_BD" time="3.461">
    <failure message="session not created: This version of ChromeDriver only supports Chrome version 91&#10;Current browser version is 93.0.4577.82 with binary path C:\Program Files\Google\Chrome\Application\chrome.exe&#10;Build info: version: &apos;3.14.0&apos;, revision: &apos;aacccce0&apos;, time: &apos;2018-08-02T20:19:58.91Z&apos;&#10;System info: host: &apos;DESKTOP-16ASU4V&apos;, ip: &apos;169.254.222.109&apos;, os.name: &apos;Windows 10&apos;, os.arch: &apos;amd64&apos;, os.version: &apos;10.0&apos;, java.version: &apos;15.0.2&apos;&#10;Driver info: driver.version: ChromeDriver&#10;remote stacktrace: Backtrace:&#10;	Ordinal0 [0x00E23733+2504499]&#10;	Ordinal0 [0x00DBC401+2081793]&#10;	Ordinal0 [0x00CC2628+1058344]&#10;	Ordinal0 [0x00CE071A+1181466]&#10;	Ordinal0 [0x00CDC58C+1164684]&#10;	Ordinal0 [0x00CD9DC3+1154499]&#10;	Ordinal0 [0x00D09B82+1350530]&#10;	Ordinal0 [0x00D097DA+1349594]&#10;	Ordinal0 [0x00D05D4B+1334603]&#10;	Ordinal0 [0x00CE22B4+1188532]&#10;	Ordinal0 [0x00CE3149+1192265]&#10;	GetHandleVerifier [0x00F9FB8C+1512252]&#10;	GetHandleVerifier [0x0104B0DF+2214031]&#10;	GetHandleVerifier [0x00EA4BC3+484211]&#10;	GetHandleVerifier [0x00EA3E69+480793]&#10;	Ordinal0 [0x00DC218D+2105741]&#10;	Ordinal0 [0x00DC66E8+2123496]&#10;	Ordinal0 [0x00DC6827+2123815]&#10;	Ordinal0 [0x00DCFB73+2161523]&#10;	BaseThreadInitThunk [0x75C1FA29+25]&#10;	RtlGetAppContainerNamedObjectPath [0x77657A7E+286]&#10;	RtlGetAppContainerNamedObjectPath [0x77657A4E+238]&#10;" type="org.openqa.selenium.SessionNotCreatedException">org.openqa.selenium.SessionNotCreatedException: 
session not created: This version of ChromeDriver only supports Chrome version 91
Current browser version is 93.0.4577.82 with binary path C:\Program Files\Google\Chrome\Application\chrome.exe
Build info: version: '3.14.0', revision: 'aacccce0', time: '2018-08-02T20:19:58.91Z'
System info: host: 'DESKTOP-16ASU4V', ip: '169.254.222.109', os.name: 'Windows 10', os.arch: 'amd64', os.version: '10.0', java.version: '15.0.2'
Driver info: driver.version: ChromeDriver
remote stacktrace: Backtrace:
	Ordinal0 [0x00E23733+2504499]
	Ordinal0 [0x00DBC401+2081793]
	Ordinal0 [0x00CC2628+1058344]
	Ordinal0 [0x00CE071A+1181466]
	Ordinal0 [0x00CDC58C+1164684]
	Ordinal0 [0x00CD9DC3+1154499]
	Ordinal0 [0x00D09B82+1350530]
	Ordinal0 [0x00D097DA+1349594]
	Ordinal0 [0x00D05D4B+1334603]
	Ordinal0 [0x00CE22B4+1188532]
	Ordinal0 [0x00CE3149+1192265]
	GetHandleVerifier [0x00F9FB8C+1512252]
	GetHandleVerifier [0x0104B0DF+2214031]
	GetHandleVerifier [0x00EA4BC3+484211]
	GetHandleVerifier [0x00EA3E69+480793]
	Ordinal0 [0x00DC218D+2105741]
	Ordinal0 [0x00DC66E8+2123496]
	Ordinal0 [0x00DC6827+2123815]
	Ordinal0 [0x00DCFB73+2161523]
	BaseThreadInitThunk [0x75C1FA29+25]
	RtlGetAppContainerNamedObjectPath [0x77657A7E+286]
	RtlGetAppContainerNamedObjectPath [0x77657A4E+238]

	at com.bangladesh.TestRunner.TestRunner_BD.LaunchApplicationURL(TestRunner_BD.java:25)
</failure>
    <system-err><![CDATA[Starting ChromeDriver 91.0.4472.101 (af52a90bf87030dd1523486a1cd3ae25c5d76c9b-refs/branch-heads/4472@{#1462}) on port 29918
Only local connections are allowed.
Please see https://chromedriver.chromium.org/security-considerations for suggestions on keeping ChromeDriver safe.
ChromeDriver was started successfully.
]]></system-err>
  </testcase>
  <testcase name="feature" classname="com.bangladesh.TestRunner.TestRunner_BD" time="0">
    <skipped message="session not created: This version of ChromeDriver only supports Chrome version 91&#10;Current browser version is 93.0.4577.82 with binary path C:\Program Files\Google\Chrome\Application\chrome.exe&#10;Build info: version: &apos;3.14.0&apos;, revision: &apos;aacccce0&apos;, time: &apos;2018-08-02T20:19:58.91Z&apos;&#10;System info: host: &apos;DESKTOP-16ASU4V&apos;, ip: &apos;169.254.222.109&apos;, os.name: &apos;Windows 10&apos;, os.arch: &apos;amd64&apos;, os.version: &apos;10.0&apos;, java.version: &apos;15.0.2&apos;&#10;Driver info: driver.version: ChromeDriver&#10;remote stacktrace: Backtrace:&#10;	Ordinal0 [0x00E23733+2504499]&#10;	Ordinal0 [0x00DBC401+2081793]&#10;	Ordinal0 [0x00CC2628+1058344]&#10;	Ordinal0 [0x00CE071A+1181466]&#10;	Ordinal0 [0x00CDC58C+1164684]&#10;	Ordinal0 [0x00CD9DC3+1154499]&#10;	Ordinal0 [0x00D09B82+1350530]&#10;	Ordinal0 [0x00D097DA+1349594]&#10;	Ordinal0 [0x00D05D4B+1334603]&#10;	Ordinal0 [0x00CE22B4+1188532]&#10;	Ordinal0 [0x00CE3149+1192265]&#10;	GetHandleVerifier [0x00F9FB8C+1512252]&#10;	GetHandleVerifier [0x0104B0DF+2214031]&#10;	GetHandleVerifier [0x00EA4BC3+484211]&#10;	GetHandleVerifier [0x00EA3E69+480793]&#10;	Ordinal0 [0x00DC218D+2105741]&#10;	Ordinal0 [0x00DC66E8+2123496]&#10;	Ordinal0 [0x00DC6827+2123815]&#10;	Ordinal0 [0x00DCFB73+2161523]&#10;	BaseThreadInitThunk [0x75C1FA29+25]&#10;	RtlGetAppContainerNamedObjectPath [0x77657A7E+286]&#10;	RtlGetAppContainerNamedObjectPath [0x77657A4E+238]&#10;"/>
  </testcase>
  <testcase name="feature" classname="com.bangladesh.TestRunner.TestRunner_BD" time="0">
    <skipped message="session not created: This version of ChromeDriver only supports Chrome version 91&#10;Current browser version is 93.0.4577.82 with binary path C:\Program Files\Google\Chrome\Application\chrome.exe&#10;Build info: version: &apos;3.14.0&apos;, revision: &apos;aacccce0&apos;, time: &apos;2018-08-02T20:19:58.91Z&apos;&#10;System info: host: &apos;DESKTOP-16ASU4V&apos;, ip: &apos;169.254.222.109&apos;, os.name: &apos;Windows 10&apos;, os.arch: &apos;amd64&apos;, os.version: &apos;10.0&apos;, java.version: &apos;15.0.2&apos;&#10;Driver info: driver.version: ChromeDriver&#10;remote stacktrace: Backtrace:&#10;	Ordinal0 [0x00E23733+2504499]&#10;	Ordinal0 [0x00DBC401+2081793]&#10;	Ordinal0 [0x00CC2628+1058344]&#10;	Ordinal0 [0x00CE071A+1181466]&#10;	Ordinal0 [0x00CDC58C+1164684]&#10;	Ordinal0 [0x00CD9DC3+1154499]&#10;	Ordinal0 [0x00D09B82+1350530]&#10;	Ordinal0 [0x00D097DA+1349594]&#10;	Ordinal0 [0x00D05D4B+1334603]&#10;	Ordinal0 [0x00CE22B4+1188532]&#10;	Ordinal0 [0x00CE3149+1192265]&#10;	GetHandleVerifier [0x00F9FB8C+1512252]&#10;	GetHandleVerifier [0x0104B0DF+2214031]&#10;	GetHandleVerifier [0x00EA4BC3+484211]&#10;	GetHandleVerifier [0x00EA3E69+480793]&#10;	Ordinal0 [0x00DC218D+2105741]&#10;	Ordinal0 [0x00DC66E8+2123496]&#10;	Ordinal0 [0x00DC6827+2123815]&#10;	Ordinal0 [0x00DCFB73+2161523]&#10;	BaseThreadInitThunk [0x75C1FA29+25]&#10;	RtlGetAppContainerNamedObjectPath [0x77657A7E+286]&#10;	RtlGetAppContainerNamedObjectPath [0x77657A4E+238]&#10;"/>
  </testcase>
  <testcase name="CloseApplicationURL" classname="com.bangladesh.TestRunner.TestRunner_BD" time="0">
    <skipped/>
    <system-out><![CDATA[
0 Scenarios
0 Steps
0m0.000s

]]></system-out>
  </testcase>
</testsuite>